#
# There is insufficient memory for the Java Runtime Environment to continue.
# Native memory allocation (mmap) failed to map 264241152 bytes for G1 virtual space
# Possible reasons:
#   The system is out of physical RAM or swap space
#   The process is running with CompressedOops enabled, and the Java Heap may be blocking the growth of the native heap
# Possible solutions:
#   Reduce memory load on the system
#   Increase physical memory or swap space
#   Check if swap backing store is full
#   Decrease Java heap size (-Xmx/-Xms)
#   Decrease number of Java threads
#   Decrease Java thread stack sizes (-Xss)
#   Set larger code cache with -XX:ReservedCodeCacheSize=
#   JVM is running with Zero Based Compressed Oops mode in which the Java heap is
#     placed in the first 32GB address space. The Java Heap base address is the
#     maximum limit for the native heap growth. Please use -XX:HeapBaseMinAddress
#     to set the Java Heap base and to place the Java Heap above 32GB virtual address.
# This output file may be truncated or incomplete.
#
#  Out of Memory Error (os_windows.cpp:3528), pid=1596, tid=23312
#
# JRE version:  (20.0.1+9) (build )
# Java VM: Java HotSpot(TM) 64-Bit Server VM (20.0.1+9-29, mixed mode, sharing, tiered, compressed oops, compressed class ptrs, g1 gc, windows-amd64)
# No core dump will be written. Minidumps are not enabled by default on client versions of Windows
#

---------------  S U M M A R Y ------------

Command Line: -javaagent:C:\Users\dj-ok\AppData\Local\JetBrains\IntelliJ IDEA Community Edition 2023.1\lib\idea_rt.jar=55512:C:\Users\dj-ok\AppData\Local\JetBrains\IntelliJ IDEA Community Edition 2023.1\bin -Dfile.encoding=UTF-8 -Dsun.stdout.encoding=UTF-8 -Dsun.stderr.encoding=UTF-8 homeworks.hw2.Main

Host: Intel(R) Core(TM) i5-10400 CPU @ 2.90GHz, 12 cores, 15G,  Windows 11 , 64 bit Build 22621 (10.0.22621.3085)
Time: Fri Feb 16 16:08:45 2024 RTZ 4 (s 11 , 64 bit Build 22621 (10.0.22621.3085) elapsed time: 0.102301 seconds (0d 0h 0m 0s)

---------------  T H R E A D  ---------------

Current thread (0x000001bbdb2e1550):  JavaThread "Unknown thread" [_thread_in_vm, id=23312, stack(0x000000a198000000,0x000000a198100000)]

Stack: [0x000000a198000000,0x000000a198100000]
Native frames: (J=compiled Java code, j=interpreted, Vv=VM code, C=native code)
V  [jvm.dll+0x6bb95a]
V  [jvm.dll+0x8485fa]
V  [jvm.dll+0x84a1f5]
V  [jvm.dll+0x84a8f3]
V  [jvm.dll+0x280b0f]
V  [jvm.dll+0x6b86e9]
V  [jvm.dll+0x6ad2da]
V  [jvm.dll+0x35adf5]
V  [jvm.dll+0x363016]
V  [jvm.dll+0x3b3b3e]
V  [jvm.dll+0x3b3dc5]
V  [jvm.dll+0x32b50a]
V  [jvm.dll+0x32c32b]
V  [jvm.dll+0x8112bf]
V  [jvm.dll+0x3c0d91]
V  [jvm.dll+0x7fcfe3]
V  [jvm.dll+0x44c76f]
V  [jvm.dll+0x44e0e1]
C  [jli.dll+0x5287]
C  [ucrtbase.dll+0x29363]
C  [KERNEL32.DLL+0x1257d]
C  [ntdll.dll+0x5aa58]


---------------  P R O C E S S  ---------------

Threads class SMR info:
_java_thread_list=0x00007ffa6941a098, length=0, elements={
}

Java Threads: ( => current thread )

Other Threads:
  0x000001bbdb34fd30 WorkerThread "GC Thread#0" [stack: 0x000000a198100000,0x000000a198200000] [id=19764]
  0x000001bbdb360820 ConcurrentGCThread "G1 Main Marker" [stack: 0x000000a198200000,0x000000a198300000] [id=18320]
  0x000001bbdb3619f0 WorkerThread "G1 Conc#0" [stack: 0x000000a198300000,0x000000a198400000] [id=22000]

[error occurred during error reporting (printing all threads), id 0xc0000005, EXCEPTION_ACCESS_VIOLATION (0xc0000005) at pc=0x00007ffa68bfeb47]
VM state: not at safepoint (not fully initialized)

VM Mutex/Monitor currently owned by a thread:  ([mutex/lock_event])
[0x000001bbdb2de6c0] Heap_lock - owner thread: 0x000001bbdb2e1550

Heap address: 0x0000000705c00000, size: 4004 MB, Compressed Oops mode: Zero based, Oop shift amount: 3

CDS archive(s) mapped at: [0x0000000000000000-0x0000000000000000-0x0000000000000000), size 0, SharedBaseAddress: 0x0000000800000000, ArchiveRelocationMode: 0.
Narrow klass base: 0x0000000000000000, Narrow klass shift: 0, Narrow klass range: 0x0

GC Precious Log:
 CardTable entry size: 512
 Card Set container configuration: InlinePtr #cards 4 size 8 Array Of Cards #cards 16 size 48 Howl #buckets 8 coarsen threshold 3686 Howl Bitmap #cards 512 size 80 coarsen threshold 460 Card regions per heap region 1 cards per card region 4096

Heap:
 garbage-first heap   total 0K, used 0K [0x0000000705c00000, 0x0000000800000000)
  region size 2048K, 0 young (0K), 0 survivors (0K)

[error occurred during error reporting (printing heap information), id 0xc0000005, EXCEPTION_ACCESS_VIOLATION (0xc0000005) at pc=0x00007ffa68fd3c59]
GC Heap History (0 events):
No events

Dll operation events (1 events):
Event: 0.007 Loaded shared library C:\Program Files\Java\jdk-20\bin\java.dll

Deoptimization events (0 events):
No events

Classes loaded (0 events):
No events

Classes unloaded (0 events):
No events

Classes redefined (0 events):
No events

Internal exceptions (0 events):
No events

VM Operations (0 events):
No events

Events (0 events):
No events


Dynamic libraries:
0x00007ff6b9e40000 - 0x00007ff6b9e50000 	C:\Program Files\Java\jdk-20\bin\java.exe
0x00007ffab31d0000 - 0x00007ffab33e7000 	C:\WINDOWS\SYSTEM32\ntdll.dll
0x00007ffab2340000 - 0x00007ffab2404000 	C:\WINDOWS\System32\KERNEL32.DLL
0x00007ffab06f0000 - 0x00007ffab0a96000 	C:\WINDOWS\System32\KERNELBASE.dll
0x00007ffaad850000 - 0x00007ffaad8e7000 	C:\WINDOWS\SYSTEM32\apphelp.dll
0x00007ffab05d0000 - 0x00007ffab06e1000 	C:\WINDOWS\System32\ucrtbase.dll
0x00007ffaac5c0000 - 0x00007ffaac5d9000 	C:\Program Files\Java\jdk-20\bin\jli.dll
0x00007ffaa4e80000 - 0x00007ffaa4e9b000 	C:\Program Files\Java\jdk-20\bin\VCRUNTIME140.dll
0x00007ffab1a40000 - 0x00007ffab1af3000 	C:\WINDOWS\System32\ADVAPI32.dll
0x00007ffab2410000 - 0x00007ffab24b7000 	C:\WINDOWS\System32\msvcrt.dll
0x00007ffab0ef0000 - 0x00007ffab0f98000 	C:\WINDOWS\System32\sechost.dll
0x00007ffab0aa0000 - 0x00007ffab0ac8000 	C:\WINDOWS\System32\bcrypt.dll
0x00007ffab24e0000 - 0x00007ffab25f7000 	C:\WINDOWS\System32\RPCRT4.dll
0x00007ffab2090000 - 0x00007ffab223e000 	C:\WINDOWS\System32\USER32.dll
0x00007ffab04e0000 - 0x00007ffab0506000 	C:\WINDOWS\System32\win32u.dll
0x00007ffa97470000 - 0x00007ffa97703000 	C:\WINDOWS\WinSxS\amd64_microsoft.windows.common-controls_6595b64144ccf1df_6.0.22621.2506_none_270c5ae97388e100\COMCTL32.dll
0x00007ffab2a80000 - 0x00007ffab2aa9000 	C:\WINDOWS\System32\GDI32.dll
0x00007ffab0ad0000 - 0x00007ffab0be8000 	C:\WINDOWS\System32\gdi32full.dll
0x00007ffab0e50000 - 0x00007ffab0eea000 	C:\WINDOWS\System32\msvcp_win.dll
0x00007ffaab370000 - 0x00007ffaab37a000 	C:\WINDOWS\SYSTEM32\VERSION.dll
0x00007ffab3100000 - 0x00007ffab3131000 	C:\WINDOWS\System32\IMM32.DLL
0x00007ffaac320000 - 0x00007ffaac32c000 	C:\Program Files\Java\jdk-20\bin\vcruntime140_1.dll
0x00007ffa926d0000 - 0x00007ffa9275e000 	C:\Program Files\Java\jdk-20\bin\msvcp140.dll
0x00007ffa688c0000 - 0x00007ffa69557000 	C:\Program Files\Java\jdk-20\bin\server\jvm.dll
0x00007ffaab4b0000 - 0x00007ffaab4b9000 	C:\WINDOWS\SYSTEM32\WSOCK32.dll
0x00007ffaaa200000 - 0x00007ffaaa234000 	C:\WINDOWS\SYSTEM32\WINMM.dll
0x00007ffab2240000 - 0x00007ffab22b1000 	C:\WINDOWS\System32\WS2_32.dll
0x00007ffaaf4e0000 - 0x00007ffaaf4f8000 	C:\WINDOWS\SYSTEM32\kernel.appcore.dll
0x00007ffaab720000 - 0x00007ffaab72a000 	C:\Program Files\Java\jdk-20\bin\jimage.dll
0x00007ffaa74a0000 - 0x00007ffaa76d3000 	C:\WINDOWS\SYSTEM32\DBGHELP.DLL
0x00007ffab2b10000 - 0x00007ffab2e99000 	C:\WINDOWS\System32\combase.dll
0x00007ffab1fa0000 - 0x00007ffab2077000 	C:\WINDOWS\System32\OLEAUT32.dll
0x00007ffaa6c80000 - 0x00007ffaa6cb2000 	C:\WINDOWS\SYSTEM32\dbgcore.DLL
0x00007ffab0bf0000 - 0x00007ffab0c6a000 	C:\WINDOWS\System32\bcryptPrimitives.dll
0x00007ffaa4e70000 - 0x00007ffaa4e7e000 	C:\Program Files\Java\jdk-20\bin\instrument.dll
0x00007ffa9d6d0000 - 0x00007ffa9d6f6000 	C:\Program Files\Java\jdk-20\bin\java.dll

dbghelp: loaded successfully - version: 4.0.5 - missing functions: none
symbol engine: initialized successfully - sym options: 0x614 - pdb path: .;C:\Program Files\Java\jdk-20\bin;C:\WINDOWS\SYSTEM32;C:\WINDOWS\WinSxS\amd64_microsoft.windows.common-controls_6595b64144ccf1df_6.0.22621.2506_none_270c5ae97388e100;C:\Program Files\Java\jdk-20\bin\server

VM Arguments:
jvm_args: -javaagent:C:\Users\dj-ok\AppData\Local\JetBrains\IntelliJ IDEA Community Edition 2023.1\lib\idea_rt.jar=55512:C:\Users\dj-ok\AppData\Local\JetBrains\IntelliJ IDEA Community Edition 2023.1\bin -Dfile.encoding=UTF-8 -Dsun.stdout.encoding=UTF-8 -Dsun.stderr.encoding=UTF-8 
java_command: homeworks.hw2.Main
java_class_path (initial): D:\git\JDK\JDK\out\production\JDK
Launcher Type: SUN_STANDARD

[Global flags]
     intx CICompilerCount                          = 4                                         {product} {ergonomic}
     uint ConcGCThreads                            = 3                                         {product} {ergonomic}
     uint G1ConcRefinementThreads                  = 10                                        {product} {ergonomic}
   size_t G1HeapRegionSize                         = 2097152                                   {product} {ergonomic}
    uintx GCDrainStackTargetSize                   = 64                                        {product} {ergonomic}
   size_t InitialHeapSize                          = 264241152                                 {product} {ergonomic}
   size_t MarkStackSize                            = 4194304                                   {product} {ergonomic}
   size_t MaxHeapSize                              = 4198498304                                {product} {ergonomic}
   size_t MinHeapDeltaBytes                        = 2097152                                   {product} {ergonomic}
   size_t MinHeapSize                              = 8388608                                   {product} {ergonomic}
    uintx NonNMethodCodeHeapSize                   = 5839372                                {pd product} {ergonomic}
    uintx NonProfiledCodeHeapSize                  = 122909434                              {pd product} {ergonomic}
    uintx ProfiledCodeHeapSize                     = 122909434                              {pd product} {ergonomic}
    uintx ReservedCodeCacheSize                    = 251658240                              {pd product} {ergonomic}
     bool SegmentedCodeCache                       = true                                      {product} {ergonomic}
   size_t SoftMaxHeapSize                          = 4198498304                             {manageable} {ergonomic}
     bool UseCompressedClassPointers               = true                           {product lp64_product} {ergonomic}
     bool UseCompressedOops                        = true                           {product lp64_product} {ergonomic}
     bool UseG1GC                                  = true                                      {product} {ergonomic}
     bool UseLargePagesIndividualAllocation        = false                                  {pd product} {ergonomic}

Logging:
Log output configuration:
 #0: stdout all=warning uptime,level,tags foldmultilines=false
 #1: stderr all=off uptime,level,tags foldmultilines=false

Environment Variables:
PATH=C:\Program Files\Common Files\Oracle\Java\javapath;C:\Program Files\Microsoft\jdk-11.0.16.101-hotspot\bin;C:\WINDOWS\system32;C:\WINDOWS;C:\WINDOWS\System32\Wbem;C:\WINDOWS\System32\WindowsPowerShell\v1.0\;C:\WINDOWS\System32\OpenSSH\;C:\Program Files\dotnet\;C:\Program Files\Microsoft SQL Server\150\Tools\Binn\;C:\Program Files\Microsoft SQL Server\Client SDK\ODBC\170\Tools\Binn\;C:\Program Files\Git\cmd;C:\Program Files\PuTTY\;C:\Program Files\Docker\Docker\resources\bin;C:\Program Files\MySQL\MySQL Shell 8.0\bin\;C:\Users\dj-ok\AppData\Local\Programs\Python\Python311\Scripts\;C:\Users\dj-ok\AppData\Local\Programs\Python\Python311\;C:\Users\dj-ok\AppData\Local\Microsoft\WindowsApps;;C:\Users\dj-ok\AppData\Local\Programs\Microsoft VS Code\bin;C:\Users\dj-ok\.dotnet\tools;C:\Users\dj-ok\AppData\Local\JetBrains\IntelliJ IDEA Community Edition 2023.1\bin;
USERNAME=dj-ok
OS=Windows_NT
PROCESSOR_IDENTIFIER=Intel64 Family 6 Model 165 Stepping 3, GenuineIntel
TMP=C:\Users\dj-ok\AppData\Local\Temp
TEMP=C:\Users\dj-ok\AppData\Local\Temp




---------------  S Y S T E M  ---------------

OS:
 Windows 11 , 64 bit Build 22621 (10.0.22621.3085)
OS uptime: 2 days 15:05 hours
Hyper-V role detected

CPU: total 12 (initial active 12) (6 cores per cpu, 2 threads per core) family 6 model 165 stepping 3 microcode 0xe0, cx8, cmov, fxsr, ht, mmx, 3dnowpref, sse, sse2, sse3, ssse3, sse4.1, sse4.2, popcnt, lzcnt, tsc, tscinvbit, avx, avx2, aes, erms, clmul, bmi1, bmi2, adx, fma, vzeroupper, clflush, clflushopt, hv, rdtscp, f16c

Memory: 4k page, system-wide physical 16012M (455M free)
TotalPageFile size 46445M (AvailPageFile size 47M)
current process WorkingSet (physical memory assigned to process): 12M, peak: 12M
current process commit charge ("private bytes"): 64M, peak: 316M

vm_info: Java HotSpot(TM) 64-Bit Server VM (20.0.1+9-29) for windows-amd64 JRE (20.0.1+9-29), built on 2023-03-07T13:56:11Z by "mach5one" with MS VC++ 17.1 (VS2022)

END.
